<?xml version="1.0" encoding="UTF-8"?>
<!-- Generated by org.testng.reporters.JUnitReportReporter -->
<testsuite hostname="DESKTOP-32F7D0M" failures="0" tests="1" name="hysework.Program2" time="12.462" errors="0" timestamp="2021-11-11T06:41:46 IST" skipped="0">
  <testcase classname="hysework.Program2" name="Mouseoover" time="12.462"/>
  <system-out/>
</testsuite> <!-- hysework.Program2 -->
