<?xml version="1.0" encoding="UTF-8"?>
<!-- Generated by org.testng.reporters.JUnitReportReporter -->
<testsuite hostname="DESKTOP-32F7D0M" failures="0" tests="1" name="hysework.Program5" time="6.577" errors="0" timestamp="2021-11-12T07:53:57 IST" skipped="0">
  <testcase classname="hysework.Program5" name="alertscreen" time="6.577"/>
  <system-out/>
</testsuite> <!-- hysework.Program5 -->
