<?xml version="1.0" encoding="UTF-8"?>
<!-- Generated by org.testng.reporters.JUnitReportReporter -->
<testsuite hostname="DESKTOP-32F7D0M" failures="0" tests="3" name="hysework.Program4" time="0.251" errors="0" timestamp="2021-11-12T08:22:31 IST" skipped="0">
  <testcase classname="hysework.Program4" name="gmail" time="0.068"/>
  <system-out/>
  <testcase classname="hysework.Program4" name="google_image" time="0.104"/>
  <system-out/>
  <testcase classname="hysework.Program4" name="searchbutton" time="0.079"/>
  <system-out/>
</testsuite> <!-- hysework.Program4 -->
