<?xml version="1.0" encoding="UTF-8"?>
<!-- Generated by org.testng.reporters.JUnitReportReporter -->
<testsuite hostname="DESKTOP-32F7D0M" failures="0" tests="1" name="hysework.Program6" time="0.326" errors="0" timestamp="2021-11-12T08:06:23 IST" skipped="0">
  <testcase classname="hysework.Program6" name="optionss" time="0.326"/>
  <system-out/>
</testsuite> <!-- hysework.Program6 -->
